# JRE version: Java(TM) SE Runtime Environment (24.0.1+9) (build 24.0.1+9-30)
# Java VM: Java HotSpot(TM) 64-Bit Server VM (24.0.1+9-30, mixed mode, sharing, tiered, compressed oops, compressed class ptrs, g1 gc, windows-amd64)
GC Precious Log:
 CardTable entry size: 512
 Card Set container configuration: InlinePtr #cards 4 size 8 Array Of Cards #cards 32 size 80 Howl #buckets 8 coarsen threshold 7372 Howl Bitmap #cards 1024 size 144 coarsen threshold 921 Card regions per heap region 1 cards per card region 8192
 CPUs: 8 total, 8 available
 Memory: 32510M
 Large Page Support: Disabled
 NUMA Support: Disabled
 Compressed Oops: Enabled (Zero based)
 Heap Region Size: 4M
 Heap Min Capacity: 8M
 Heap Initial Capacity: 508M
 Heap Max Capacity: 8128M
 Pre-touch: Disabled
 Parallel Workers: 8
 Concurrent Workers: 2
 Concurrent Refinement Workers: 8
 Periodic GC: Disabled
Heap:
 garbage-first heap   total reserved 8323072K, committed 139264K, used 43028K [0x0000000604000000, 0x0000000800000000)
  region size 4096K, 3 young (12288K), 2 survivors (8192K)
 Metaspace       used 87421K, committed 88128K, reserved 1179648K
  class space    used 9423K, committed 9728K, reserved 1048576K
GC Heap History (20 events):
Event: 4.445 GC heap before
{Heap before GC invocations=9 (full 0):
 garbage-first heap   total reserved 8323072K, committed 98304K, used 28334K [0x0000000604000000, 0x0000000800000000)
  region size 4096K, 3 young (12288K), 2 survivors (8192K)
 Metaspace       used 60410K, committed 60800K, reserved 1114112K
  class space    used 6219K, committed 6400K, reserved 1048576K
}
Event: 4.449 GC heap after
{Heap after GC invocations=10 (full 0):
 garbage-first heap   total reserved 8323072K, committed 98304K, used 28667K [0x0000000604000000, 0x0000000800000000)
  region size 4096K, 1 young (4096K), 1 survivors (4096K)
 Metaspace       used 60410K, committed 60800K, reserved 1114112K
  class space    used 6219K, committed 6400K, reserved 1048576K
}
Event: 4.987 GC heap before
{Heap before GC invocations=11 (full 0):
 garbage-first heap   total reserved 8323072K, committed 98304K, used 77819K [0x0000000604000000, 0x0000000800000000)
  region size 4096K, 13 young (53248K), 1 survivors (4096K)
 Metaspace       used 66795K, committed 67264K, reserved 1114112K
  class space    used 7017K, committed 7232K, reserved 1048576K
}
Event: 4.990 GC heap after
{Heap after GC invocations=12 (full 0):
 garbage-first heap   total reserved 8323072K, committed 98304K, used 30253K [0x0000000604000000, 0x0000000800000000)
  region size 4096K, 1 young (4096K), 1 survivors (4096K)
 Metaspace       used 66795K, committed 67264K, reserved 1114112K
  class space    used 7017K, committed 7232K, reserved 1048576K
}
Event: 5.449 GC heap before
{Heap before GC invocations=12 (full 0):
 garbage-first heap   total reserved 8323072K, committed 98304K, used 79405K [0x0000000604000000, 0x0000000800000000)
  region size 4096K, 13 young (53248K), 1 survivors (4096K)
 Metaspace       used 70668K, committed 71232K, reserved 1114112K
  class space    used 7447K, committed 7680K, reserved 1048576K
}
Event: 5.454 GC heap after
{Heap after GC invocations=13 (full 0):
 garbage-first heap   total reserved 8323072K, committed 98304K, used 32667K [0x0000000604000000, 0x0000000800000000)
  region size 4096K, 2 young (8192K), 2 survivors (8192K)
 Metaspace       used 70668K, committed 71232K, reserved 1114112K
  class space    used 7447K, committed 7680K, reserved 1048576K
}
Event: 5.792 GC heap before
{Heap before GC invocations=13 (full 0):
 garbage-first heap   total reserved 8323072K, committed 98304K, used 77723K [0x0000000604000000, 0x0000000800000000)
  region size 4096K, 13 young (53248K), 2 survivors (8192K)
 Metaspace       used 72673K, committed 73216K, reserved 1114112K
  class space    used 7659K, committed 7872K, reserved 1048576K
}
Event: 5.797 GC heap after
{Heap after GC invocations=14 (full 0):
 garbage-first heap   total reserved 8323072K, committed 98304K, used 34696K [0x0000000604000000, 0x0000000800000000)
  region size 4096K, 2 young (8192K), 2 survivors (8192K)
 Metaspace       used 72673K, committed 73216K, reserved 1114112K
  class space    used 7659K, committed 7872K, reserved 1048576K
}
Event: 6.180 GC heap before
{Heap before GC invocations=14 (full 0):
 garbage-first heap   total reserved 8323072K, committed 98304K, used 75656K [0x0000000604000000, 0x0000000800000000)
  region size 4096K, 12 young (49152K), 2 survivors (8192K)
 Metaspace       used 75010K, committed 75648K, reserved 1179648K
  class space    used 7953K, committed 8256K, reserved 1048576K
}
Event: 6.186 GC heap after
{Heap after GC invocations=15 (full 0):
 garbage-first heap   total reserved 8323072K, committed 311296K, used 36933K [0x0000000604000000, 0x0000000800000000)
  region size 4096K, 2 young (8192K), 2 survivors (8192K)
 Metaspace       used 75010K, committed 75648K, reserved 1179648K
  class space    used 7953K, committed 8256K, reserved 1048576K
}
Event: 36.789 GC heap before
{Heap before GC invocations=16 (full 0):
 garbage-first heap   total reserved 8323072K, committed 139264K, used 110661K [0x0000000604000000, 0x0000000800000000)
  region size 4096K, 20 young (81920K), 2 survivors (8192K)
 Metaspace       used 81219K, committed 81856K, reserved 1179648K
  class space    used 8728K, committed 9024K, reserved 1048576K
}
Event: 36.793 GC heap after
{Heap after GC invocations=17 (full 0):
 garbage-first heap   total reserved 8323072K, committed 139264K, used 39981K [0x0000000604000000, 0x0000000800000000)
  region size 4096K, 2 young (8192K), 2 survivors (8192K)
 Metaspace       used 81219K, committed 81856K, reserved 1179648K
  class space    used 8728K, committed 9024K, reserved 1048576K
}
Event: 157.770 GC heap before
{Heap before GC invocations=17 (full 0):
 garbage-first heap   total reserved 8323072K, committed 139264K, used 109613K [0x0000000604000000, 0x0000000800000000)
  region size 4096K, 19 young (77824K), 2 survivors (8192K)
 Metaspace       used 87146K, committed 87872K, reserved 1179648K
  class space    used 9416K, committed 9728K, reserved 1048576K
}
Event: 157.782 GC heap after
{Heap after GC invocations=18 (full 0):
 garbage-first heap   total reserved 8323072K, committed 139264K, used 43526K [0x0000000604000000, 0x0000000800000000)
  region size 4096K, 3 young (12288K), 3 survivors (12288K)
 Metaspace       used 87146K, committed 87872K, reserved 1179648K
  class space    used 9416K, committed 9728K, reserved 1048576K
}
Event: 899.820 GC heap before
{Heap before GC invocations=19 (full 0):
 garbage-first heap   total reserved 8323072K, committed 139264K, used 109062K [0x0000000604000000, 0x0000000800000000)
  region size 4096K, 19 young (77824K), 3 survivors (12288K)
 Metaspace       used 87253K, committed 87936K, reserved 1179648K
  class space    used 9416K, committed 9728K, reserved 1048576K
}
Event: 899.827 GC heap after
{Heap after GC invocations=20 (full 0):
 garbage-first heap   total reserved 8323072K, committed 139264K, used 43674K [0x0000000604000000, 0x0000000800000000)
  region size 4096K, 2 young (8192K), 2 survivors (8192K)
 Metaspace       used 87253K, committed 87936K, reserved 1179648K
  class space    used 9416K, committed 9728K, reserved 1048576K
}
Event: 1652.012 GC heap before
{Heap before GC invocations=20 (full 0):
 garbage-first heap   total reserved 8323072K, committed 139264K, used 113306K [0x0000000604000000, 0x0000000800000000)
  region size 4096K, 19 young (77824K), 2 survivors (8192K)
 Metaspace       used 87363K, committed 88128K, reserved 1179648K
  class space    used 9420K, committed 9728K, reserved 1048576K
}
Event: 1652.021 GC heap after
{Heap after GC invocations=21 (full 0):
 garbage-first heap   total reserved 8323072K, committed 139264K, used 42946K [0x0000000604000000, 0x0000000800000000)
  region size 4096K, 2 young (8192K), 2 survivors (8192K)
 Metaspace       used 87363K, committed 88128K, reserved 1179648K
  class space    used 9420K, committed 9728K, reserved 1048576K
}
Event: 2860.275 GC heap before
{Heap before GC invocations=21 (full 0):
 garbage-first heap   total reserved 8323072K, committed 139264K, used 112578K [0x0000000604000000, 0x0000000800000000)
  region size 4096K, 19 young (77824K), 2 survivors (8192K)
 Metaspace       used 87421K, committed 88128K, reserved 1179648K
  class space    used 9423K, committed 9728K, reserved 1048576K
}
Event: 2860.278 GC heap after
{Heap after GC invocations=22 (full 0):
 garbage-first heap   total reserved 8323072K, committed 139264K, used 43028K [0x0000000604000000, 0x0000000800000000)
  region size 4096K, 2 young (8192K), 2 survivors (8192K)
 Metaspace       used 87421K, committed 88128K, reserved 1179648K
  class space    used 9423K, committed 9728K, reserved 1048576K
}

